<?xml version="1.0" encoding="UTF-8"?>
<!-- Generated by org.testng.reporters.JUnitXMLReporter -->
<testsuite ignored="0" hostname="Dell" failures="0" tests="22" name="Default test" time="60.751" errors="0" timestamp="2023-03-15T13:41:51 IST">
  <testcase classname="com.profit.qa.testpages.SettingsMeetingTest" name="Login" time="10.689"/>
  <testcase classname="com.profit.qa.testpages.SettingsMeetingTest" name="Navigate_to_setting_page" time="0.409"/>
  <testcase classname="com.profit.qa.testpages.SettingsMeetingTest" name="Enable_meeting_toggle" time="0.179"/>
  <testcase classname="com.profit.qa.testpages.SettingsMeetingTest" name="Add_Topic" time="1.181"/>
  <testcase classname="com.profit.qa.testpages.SettingsMeetingTest" name="Edit_added_topic" time="0.996"/>
  <testcase classname="com.profit.qa.testpages.SettingsMeetingTest" name="Delete_Added_Topic" time="0.372"/>
  <testcase classname="com.profit.qa.testpages.SettingsMeetingTest" name="Disable_default_topic" time="0.522"/>
  <testcase classname="com.profit.qa.testpages.SettingsMeetingTest" name="Edit_default_topic_1" time="1.439"/>
  <testcase classname="com.profit.qa.testpages.SettingsMeetingTest" name="Edit_default_topic_2" time="1.51"/>
  <testcase classname="com.profit.qa.testpages.SettingsMeetingTest" name="Edit_default_topic_3" time="1.483"/>
  <testcase classname="com.profit.qa.testpages.SettingsMeetingTest" name="Delete_default_Topic1" time="0.832"/>
  <testcase classname="com.profit.qa.testpages.SettingsMeetingTest" name="Delete_default_Topic2" time="0.739"/>
  <testcase classname="com.profit.qa.testpages.SettingsMeetingTest" name="Delete_default_Topic3" time="0.701"/>
  <testcase classname="com.profit.qa.testpages.SettingsMeetingTest" name="Validate_deleted_default_topic" time="0.51"/>
  <testcase classname="com.profit.qa.testpages.SettingsMeetingTest" name="Add_new_topic_check_reflection_in_Meeting" time="0.947"/>
  <testcase classname="com.profit.qa.testpages.SettingsMeetingTest" name="Enable_Meeting_toggle_in_setting_check_relfection_in_CFRs_Converstation_Meeting" time="0.358"/>
  <testcase classname="com.profit.qa.testpages.SettingsMeetingTest" name="Enable_Meeting_toggle_reflection_from_general_home_meeting" time="1.807"/>
  <testcase classname="com.profit.qa.testpages.SettingsMeetingTest" name="Meeting_Attendee_empty_Tab_validation" time="2.04"/>
  <testcase classname="com.profit.qa.testpages.SettingsMeetingTest" name="Create_1_to_1_Meet_check_it_properly_created" time="4.925"/>
  <testcase classname="com.profit.qa.testpages.SettingsMeetingTest" name="Created_meet_properly_check_or_not_by_switching_user" time="10.909"/>
  <testcase classname="com.profit.qa.testpages.SettingsMeetingTest" name="Check_reject_1_to_1_meet" time="6.733"/>
  <testcase classname="com.profit.qa.testpages.SettingsMeetingTest" name="Check_reject_functionality_working_1_to_1_meet" time="2.354"/>
</testsuite> <!-- Default test -->
